android/app/build/intermediates/manifest_merge_blame_file/debug/manifest-merger-blame-debug-report.txt
1<?xml version="1.0" encoding="utf-8"?>
2<manifest xmlns:android="http://schemas.android.com/apk/res/android"
3    package="com.microbit"
4    android:versionCode="1"
5    android:versionName="1.0" >
6
7    <uses-sdk
8        android:minSdkVersion="18"
9        android:targetSdkVersion="29" />
10
11    <uses-permission android:name="android.permission.SYSTEM_ALERT_WINDOW" />
11-->src/debug/AndroidManifest.xml:5:5-77
11-->src/debug/AndroidManifest.xml:5:22-75
12    <uses-permission android:name="android.permission.INTERNET" />
12-->src/main/AndroidManifest.xml:4:5-67
12-->src/main/AndroidManifest.xml:4:22-64
13    <uses-permission android:name="android.permission.BLUETOOTH" />
13-->src/main/AndroidManifest.xml:5:5-67
13-->src/main/AndroidManifest.xml:5:22-65
14    <uses-permission android:name="android.permission.BLUETOOTH_ADMIN" />
14-->src/main/AndroidManifest.xml:6:5-73
14-->src/main/AndroidManifest.xml:6:22-71
15
16    <uses-permission-sdk-23 android:name="android.permission.ACCESS_FINE_LOCATION" />
16-->src/main/AndroidManifest.xml:7:5-85
16-->src/main/AndroidManifest.xml:7:29-83
17
18    <uses-permission android:name="android.permission.ACCESS_WIFI_STATE" />
18-->[com.facebook.flipper:flipper:0.54.0] AndroidManifest.xml:16:5-76
18-->[com.facebook.flipper:flipper:0.54.0] AndroidManifest.xml:16:22-73
19
20    <uses-permission-sdk-23 android:name="android.permission.ACCESS_COARSE_LOCATION" />
20-->[com.github.Polidea:MultiPlatformBleAdapter:d2279e0621b285f2d16382af668ae3981abf0639] AndroidManifest.xml:14:5-88
20-->[com.github.Polidea:MultiPlatformBleAdapter:d2279e0621b285f2d16382af668ae3981abf0639] AndroidManifest.xml:14:29-85
21
22    <application
22-->src/main/AndroidManifest.xml:9:5-28:19
23        android:name="com.microbit.MainApplication"
23-->src/main/AndroidManifest.xml:10:7-38
24        android:allowBackup="false"
24-->src/main/AndroidManifest.xml:14:7-34
25        android:appComponentFactory="androidx.core.app.CoreComponentFactory"
25-->[androidx.core:core:1.1.0] AndroidManifest.xml:24:18-86
26        android:debuggable="true"
27        android:icon="@mipmap/ic_launcher"
27-->src/main/AndroidManifest.xml:12:7-41
28        android:label="@string/app_name"
28-->src/main/AndroidManifest.xml:11:7-39
29        android:roundIcon="@mipmap/ic_launcher_round"
29-->src/main/AndroidManifest.xml:13:7-52
30        android:theme="@style/AppTheme"
30-->src/main/AndroidManifest.xml:15:7-38
31        android:usesCleartextTraffic="true" >
31-->src/debug/AndroidManifest.xml:7:18-53
32        <activity
32-->src/main/AndroidManifest.xml:16:7-26:18
33            android:name="com.microbit.MainActivity"
33-->src/main/AndroidManifest.xml:17:9-37
34            android:configChanges="keyboard|keyboardHidden|orientation|screenSize|uiMode"
34-->src/main/AndroidManifest.xml:19:9-86
35            android:label="@string/app_name"
35-->src/main/AndroidManifest.xml:18:9-41
36            android:launchMode="singleTask"
36-->src/main/AndroidManifest.xml:20:9-40
37            android:windowSoftInputMode="adjustResize" >
37-->src/main/AndroidManifest.xml:21:9-51
38            <intent-filter>
38-->src/main/AndroidManifest.xml:22:9-25:25
39                <action android:name="android.intent.action.MAIN" />
39-->src/main/AndroidManifest.xml:23:13-65
39-->src/main/AndroidManifest.xml:23:21-62
40
41                <category android:name="android.intent.category.LAUNCHER" />
41-->src/main/AndroidManifest.xml:24:13-73
41-->src/main/AndroidManifest.xml:24:23-70
42            </intent-filter>
43        </activity>
44        <activity android:name="com.facebook.react.devsupport.DevSettingsActivity" />
44-->src/main/AndroidManifest.xml:27:7-84
44-->src/main/AndroidManifest.xml:27:17-81
45    </application>
46
47</manifest>